<?xml version="1.0" encoding="utf-8"?><testsuites name="pytest tests"><testsuite name="pytest" errors="0" failures="0" skipped="0" tests="17" time="4.213" timestamp="2026-02-14T02:48:57.528094+00:00" hostname="agent-env-69fb6c9d-6407-4709-8284-631ce63990fa"><testcase classname="backend.tests.test_admin_panel.TestAdminPanelFeatures" name="test_admin_login_success" time="0.486" /><testcase classname="backend.tests.test_admin_panel.TestAdminPanelFeatures" name="test_admin_comparison_endpoint_returns_correct_structure" time="0.517" /><testcase classname="backend.tests.test_admin_panel.TestAdminPanelFeatures" name="test_admin_comparison_totals_has_all_required_fields" time="0.195" /><testcase classname="backend.tests.test_admin_panel.TestAdminPanelFeatures" name="test_admin_comparison_salesperson_has_all_required_fields" time="0.123" /><testcase classname="backend.tests.test_admin_panel.TestAdminPanelFeatures" name="test_admin_comparison_ranking_logic" time="0.122" /><testcase classname="backend.tests.test_admin_panel.TestAdminPanelFeatures" name="test_admin_comparison_rank_badges_are_valid" time="0.126" /><testcase classname="backend.tests.test_admin_panel.TestAdminPanelFeatures" name="test_admin_comparison_with_pay_period_filter" time="0.135" /><testcase classname="backend.tests.test_admin_panel.TestAdminPanelFeatures" name="test_admin_comparison_with_date_filter" time="0.116" /><testcase classname="backend.tests.test_admin_panel.TestAdminPanelFeatures" name="test_admin_salespeople_endpoint" time="0.113" /><testcase classname="backend.tests.test_admin_panel.TestAdminPanelFeatures" name="test_admin_role_change_endpoint" time="0.230" /><testcase classname="backend.tests.test_admin_panel.TestAdminPanelFeatures" name="test_non_admin_cannot_access_comparison" time="0.469" /><testcase classname="backend.tests.test_admin_panel.TestOverviewTabData" name="test_overview_company_totals" time="0.527" /><testcase classname="backend.tests.test_admin_panel.TestOverviewTabData" name="test_overview_key_rates" time="0.108" /><testcase classname="backend.tests.test_admin_panel.TestOverviewTabData" name="test_overview_lead_status_pie_data" time="0.111" /><testcase classname="backend.tests.test_admin_panel.TestSalespeopleTabData" name="test_ranking_table_all_columns" time="0.510" /><testcase classname="backend.tests.test_admin_panel.TestSalespeopleTabData" name="test_rank_badges_for_each_metric" time="0.121" /><testcase classname="backend.tests.test_admin_panel.TestSalespeopleTabData" name="test_top_performer_data" time="0.119" /></testsuite></testsuites>