<?xml version="1.0" encoding="utf-8"?><testsuites name="pytest tests"><testsuite name="pytest" errors="0" failures="0" skipped="0" tests="16" time="8.722" timestamp="2026-02-14T01:10:12.717488+00:00" hostname="agent-env-a58a790b-9c00-4583-ab1d-13e4223de451"><testcase classname="tests.test_auth_system.TestAuthRegistration" name="test_registration_success_fshac_email" time="2.452" /><testcase classname="tests.test_auth_system.TestAuthRegistration" name="test_registration_reject_non_fshac_email" time="0.183" /><testcase classname="tests.test_auth_system.TestAuthRegistration" name="test_registration_reject_duplicate_email" time="0.492" /><testcase classname="tests.test_auth_system.TestAuthLogin" name="test_login_salesperson_success" time="0.421" /><testcase classname="tests.test_auth_system.TestAuthLogin" name="test_login_admin_success" time="0.361" /><testcase classname="tests.test_auth_system.TestAuthLogin" name="test_login_invalid_credentials" time="0.337" /><testcase classname="tests.test_auth_system.TestAuthLogin" name="test_login_nonexistent_user" time="0.125" /><testcase classname="tests.test_auth_system.TestAuthMeEndpoint" name="test_auth_me_with_valid_token" time="0.478" /><testcase classname="tests.test_auth_system.TestAuthMeEndpoint" name="test_auth_me_without_token" time="0.104" /><testcase classname="tests.test_auth_system.TestAdminRoutes" name="test_admin_get_salespeople_as_admin" time="0.527" /><testcase classname="tests.test_auth_system.TestAdminRoutes" name="test_admin_get_salespeople_as_salesperson" time="0.445" /><testcase classname="tests.test_auth_system.TestAdminRoutes" name="test_admin_comparison_stats" time="0.487" /><testcase classname="tests.test_auth_system.TestDataIsolation" name="test_salesperson_only_sees_own_leads" time="0.961" /><testcase classname="tests.test_auth_system.TestDataIsolation" name="test_admin_sees_all_leads" time="0.599" /><testcase classname="tests.test_auth_system.TestDataIsolation" name="test_salesperson_kpis_filtered" time="0.544" /><testcase classname="tests.test_auth_system.TestXLSImport" name="test_xls_import_requires_auth" time="0.120" /></testsuite></testsuites>