<?xml version="1.0" encoding="utf-8"?><testsuites name="pytest tests"><testsuite name="pytest" errors="0" failures="0" skipped="0" tests="22" time="18.946" timestamp="2026-03-18T23:38:19.955232+00:00" hostname="agent-env-f2181ad8-bdfe-488c-b80d-b8a77901b4a2"><testcase classname="backend.tests.test_comprehensive_v21.TestAuthentication" name="test_benjamin_login" time="0.442" /><testcase classname="backend.tests.test_comprehensive_v21.TestAuthentication" name="test_franco_login" time="0.372" /><testcase classname="backend.tests.test_comprehensive_v21.TestAuthentication" name="test_admin_login" time="0.398" /><testcase classname="backend.tests.test_comprehensive_v21.TestCommissionRules" name="test_get_commission_rules_returns_5_tiers" time="0.608" /><testcase classname="backend.tests.test_comprehensive_v21.TestCommissionRules" name="test_get_commission_rules_returns_7_spiffs" time="0.673" /><testcase classname="backend.tests.test_comprehensive_v21.TestDashboardKPIs" name="test_benjamin_hvac_kpis" time="1.056" /><testcase classname="backend.tests.test_comprehensive_v21.TestDashboardKPIs" name="test_benjamin_generator_kpis" time="0.948" /><testcase classname="backend.tests.test_comprehensive_v21.TestDashboardKPIs" name="test_hvac_excludes_generators" time="1.079" /><testcase classname="backend.tests.test_comprehensive_v21.TestDashboardKPIs" name="test_quarterly_self_gen_mits_in_kpis" time="0.975" /><testcase classname="backend.tests.test_comprehensive_v21.TestNotifications" name="test_get_notifications" time="0.486" /><testcase classname="backend.tests.test_comprehensive_v21.TestNotifications" name="test_dismiss_notification" time="0.711" /><testcase classname="backend.tests.test_comprehensive_v21.TestNotifications" name="test_clear_all_notifications" time="0.511" /><testcase classname="backend.tests.test_comprehensive_v21.TestLeadInteractions" name="test_post_interaction_saves_description" time="0.848" /><testcase classname="backend.tests.test_comprehensive_v21.TestTranslation" name="test_translate_endpoint_works" time="3.786" /><testcase classname="backend.tests.test_comprehensive_v21.TestTranslation" name="test_translate_empty_text" time="0.531" /><testcase classname="backend.tests.test_comprehensive_v21.TestPipelineTemplates" name="test_get_pipeline_templates" time="0.507" /><testcase classname="backend.tests.test_comprehensive_v21.TestPipelineTemplates" name="test_save_pipeline_templates" time="0.643" /><testcase classname="backend.tests.test_comprehensive_v21.TestAdminComparison" name="test_admin_can_view_all_leads" time="1.374" /><testcase classname="backend.tests.test_comprehensive_v21.TestAdminComparison" name="test_admin_comparison_endpoint" time="1.276" /><testcase classname="backend.tests.test_comprehensive_v21.TestDataIntegrity" name="test_no_non_pending_with_followup" time="0.544" /><testcase classname="backend.tests.test_comprehensive_v21.TestDataIntegrity" name="test_all_leads_have_visit_date" time="0.609" /><testcase classname="backend.tests.test_comprehensive_v21.TestTasks" name="test_get_tasks" time="0.502" /></testsuite></testsuites>