<?xml version="1.0" encoding="utf-8"?><testsuites name="pytest tests"><testsuite name="pytest" errors="0" failures="0" skipped="0" tests="28" time="4.178" timestamp="2026-02-14T03:54:01.411979+00:00" hostname="agent-env-69fb6c9d-6407-4709-8284-631ce63990fa"><testcase classname="backend.tests.test_comprehensive_v16.TestRootAPI" name="test_root_endpoint" time="0.279" /><testcase classname="backend.tests.test_comprehensive_v16.TestAuthentication" name="test_salesperson_login" time="0.340" /><testcase classname="backend.tests.test_comprehensive_v16.TestAuthentication" name="test_admin_login" time="0.292" /><testcase classname="backend.tests.test_comprehensive_v16.TestAuthentication" name="test_invalid_login" time="0.104" /><testcase classname="backend.tests.test_comprehensive_v16.TestAuthentication" name="test_auth_me_endpoint" time="0.349" /><testcase classname="backend.tests.test_comprehensive_v16.TestDashboardKPIs" name="test_dashboard_kpis_salesperson" time="0.137" /><testcase classname="backend.tests.test_comprehensive_v16.TestDashboardKPIs" name="test_dashboard_kpis_with_pay_period" time="0.125" /><testcase classname="backend.tests.test_comprehensive_v16.TestLeadsCRUD" name="test_get_leads_salesperson" time="0.058" /><testcase classname="backend.tests.test_comprehensive_v16.TestLeadsCRUD" name="test_create_lead" time="0.066" /><testcase classname="backend.tests.test_comprehensive_v16.TestLeadsCRUD" name="test_update_lead" time="0.191" /><testcase classname="backend.tests.test_comprehensive_v16.TestLeadsCRUD" name="test_delete_lead" time="0.178" /><testcase classname="backend.tests.test_comprehensive_v16.TestAdminEndpoints" name="test_admin_salespeople_list" time="0.368" /><testcase classname="backend.tests.test_comprehensive_v16.TestAdminEndpoints" name="test_admin_comparison" time="0.055" /><testcase classname="backend.tests.test_comprehensive_v16.TestAdminEndpoints" name="test_admin_comparison_with_period" time="0.056" /><testcase classname="backend.tests.test_comprehensive_v16.TestAdminEndpoints" name="test_salesperson_cannot_access_admin" time="0.060" /><testcase classname="backend.tests.test_comprehensive_v16.TestPipelineFollowups" name="test_get_followup_actions" time="0.260" /><testcase classname="backend.tests.test_comprehensive_v16.TestPipelineFollowups" name="test_record_followup_action" time="0.061" /><testcase classname="backend.tests.test_comprehensive_v16.TestPipelineFollowups" name="test_delete_followup_action" time="0.104" /><testcase classname="backend.tests.test_comprehensive_v16.TestClientNotes" name="test_save_client_notes" time="0.060" /><testcase classname="backend.tests.test_comprehensive_v16.TestClientNotes" name="test_get_client_notes" time="0.123" /><testcase classname="backend.tests.test_comprehensive_v16.TestClientNotes" name="test_get_all_client_notes" time="0.059" /><testcase classname="backend.tests.test_comprehensive_v16.TestPipelineSchedules" name="test_get_pipeline_schedule" time="0.169" /><testcase classname="backend.tests.test_comprehensive_v16.TestPipelineSchedules" name="test_save_pipeline_schedule" time="0.214" /><testcase classname="backend.tests.test_comprehensive_v16.TestPayPeriods" name="test_get_pay_periods" time="0.093" /><testcase classname="backend.tests.test_comprehensive_v16.TestGoalsRemoved" name="test_goals_endpoint_not_found" time="0.055" /><testcase classname="backend.tests.test_comprehensive_v16.TestGoalsRemoved" name="test_goals_comparison_not_found" time="0.055" /><testcase classname="backend.tests.test_comprehensive_v16.TestAdminLeads" name="test_admin_get_all_leads" time="0.063" /><testcase classname="backend.tests.test_comprehensive_v16.TestAdminLeads" name="test_admin_filter_by_salesperson" time="0.107" /></testsuite></testsuites>