<?xml version="1.0" encoding="utf-8"?><testsuites name="pytest tests"><testsuite name="pytest" errors="0" failures="0" skipped="0" tests="15" time="8.803" timestamp="2026-02-14T01:44:18.573605+00:00" hostname="agent-env-a58a790b-9c00-4583-ab1d-13e4223de451"><testcase classname="backend.tests.test_crm_comprehensive.TestAuth" name="test_admin_login" time="1.153" /><testcase classname="backend.tests.test_crm_comprehensive.TestAuth" name="test_salesperson_login" time="2.113" /><testcase classname="backend.tests.test_crm_comprehensive.TestAuth" name="test_invalid_login_rejected" time="0.116" /><testcase classname="backend.tests.test_crm_comprehensive.TestAuth" name="test_registration_rejects_invalid_domain" time="0.136" /><testcase classname="backend.tests.test_crm_comprehensive.TestAdminPanel" name="test_admin_comparison_endpoint" time="0.527" /><testcase classname="backend.tests.test_crm_comprehensive.TestAdminPanel" name="test_admin_salespeople_list" time="0.497" /><testcase classname="backend.tests.test_crm_comprehensive.TestAdminPanel" name="test_salesperson_cannot_access_admin" time="0.468" /><testcase classname="backend.tests.test_crm_comprehensive.TestDashboardKPIs" name="test_admin_kpis_all_periods" time="0.520" /><testcase classname="backend.tests.test_crm_comprehensive.TestDashboardKPIs" name="test_salesperson_kpis" time="0.629" /><testcase classname="backend.tests.test_crm_comprehensive.TestDataTab" name="test_admin_sees_all_leads" time="0.461" /><testcase classname="backend.tests.test_crm_comprehensive.TestDataTab" name="test_salesperson_sees_leads" time="0.462" /><testcase classname="backend.tests.test_crm_comprehensive.TestDataTab" name="test_lead_crud_delete_requires_auth" time="0.145" /><testcase classname="backend.tests.test_crm_comprehensive.TestFollowUps" name="test_followup_actions_endpoint" time="0.451" /><testcase classname="backend.tests.test_crm_comprehensive.TestFollowUps" name="test_pipeline_schedule_endpoint" time="0.467" /><testcase classname="backend.tests.test_crm_comprehensive.TestLeadUpdate" name="test_lead_update_endpoint" time="0.586" /></testsuite></testsuites>