<?xml version="1.0" encoding="utf-8"?><testsuites name="pytest tests"><testsuite name="pytest" errors="0" failures="0" skipped="0" tests="11" time="2.569" timestamp="2026-02-14T03:05:48.756260+00:00" hostname="agent-env-69fb6c9d-6407-4709-8284-631ce63990fa"><testcase classname="backend.tests.test_equipment_accessories.TestEquipmentTypesInComparison" name="test_comparison_returns_equipment_types" time="0.630" /><testcase classname="backend.tests.test_equipment_accessories.TestEquipmentTypesInComparison" name="test_equipment_types_structure" time="0.185" /><testcase classname="backend.tests.test_equipment_accessories.TestEquipmentTypesInComparison" name="test_equipment_types_have_data" time="0.105" /><testcase classname="backend.tests.test_equipment_accessories.TestAccessoriesInComparison" name="test_comparison_returns_accessories" time="0.133" /><testcase classname="backend.tests.test_equipment_accessories.TestAccessoriesInComparison" name="test_accessories_all_spiff_fields_present" time="0.186" /><testcase classname="backend.tests.test_equipment_accessories.TestAccessoriesInComparison" name="test_accessories_structure" time="0.159" /><testcase classname="backend.tests.test_equipment_accessories.TestAccessoriesInComparison" name="test_accessory_counts_are_units_not_dollar_amounts" time="0.126" /><testcase classname="backend.tests.test_equipment_accessories.TestPayPeriodFilterWithEquipmentAccessories" name="test_pay_period_filter_affects_equipment_types" time="0.372" /><testcase classname="backend.tests.test_equipment_accessories.TestPayPeriodFilterWithEquipmentAccessories" name="test_pay_period_filter_affects_accessories" time="0.316" /><testcase classname="backend.tests.test_equipment_accessories.TestRegressionExistingFeatures" name="test_totals_still_has_company_kpis" time="0.133" /><testcase classname="backend.tests.test_equipment_accessories.TestRegressionExistingFeatures" name="test_comparison_still_has_salesperson_data" time="0.159" /></testsuite></testsuites>