<?xml version="1.0" encoding="utf-8"?><testsuites name="pytest tests"><testsuite name="pytest" errors="0" failures="0" skipped="0" tests="17" time="7.917" timestamp="2026-03-13T00:03:45.982406+00:00" hostname="agent-env-f44edbfa-04bd-4e53-a7f0-74098439b0e9"><testcase classname="backend.tests.test_features_v17.TestAuthentication" name="test_salesperson_login" time="0.389" /><testcase classname="backend.tests.test_features_v17.TestAuthentication" name="test_admin_login" time="0.335" /><testcase classname="backend.tests.test_features_v17.TestDashboardKPIs" name="test_dashboard_kpis_basic" time="0.547" /><testcase classname="backend.tests.test_features_v17.TestDashboardKPIs" name="test_dashboard_kpis_commission_fields" time="0.575" /><testcase classname="backend.tests.test_features_v17.TestDashboardKPIs" name="test_dashboard_quick_filter_week" time="0.490" /><testcase classname="backend.tests.test_features_v17.TestDashboardKPIs" name="test_dashboard_quick_filter_2weeks" time="0.555" /><testcase classname="backend.tests.test_features_v17.TestDashboardKPIs" name="test_dashboard_quick_filter_current_year" time="0.518" /><testcase classname="backend.tests.test_features_v17.TestDashboardKPIs" name="test_dashboard_pay_period_filter" time="0.554" /><testcase classname="backend.tests.test_features_v17.TestAdminEndpoints" name="test_admin_comparison" time="0.476" /><testcase classname="backend.tests.test_features_v17.TestAdminEndpoints" name="test_admin_salespeople_list" time="0.438" /><testcase classname="backend.tests.test_features_v17.TestAdminEndpoints" name="test_salesperson_cannot_access_admin_comparison" time="0.522" /><testcase classname="backend.tests.test_features_v17.TestEmailIngestConfig" name="test_admin_can_access_email_ingest_config" time="0.444" /><testcase classname="backend.tests.test_features_v17.TestEmailIngestConfig" name="test_salesperson_cannot_access_email_ingest" time="0.496" /><testcase classname="backend.tests.test_features_v17.TestLeadsEndpoint" name="test_get_leads_salesperson" time="0.456" /><testcase classname="backend.tests.test_features_v17.TestLeadsEndpoint" name="test_get_leads_admin" time="0.482" /><testcase classname="backend.tests.test_features_v17.TestFollowupActions" name="test_get_followup_actions" time="0.449" /><testcase classname="backend.tests.test_features_v17.TestPayPeriods" name="test_get_pay_periods" time="0.121" /></testsuite></testsuites>