<?xml version="1.0" encoding="utf-8"?><testsuites name="pytest tests"><testsuite name="pytest" errors="0" failures="0" skipped="0" tests="9" time="6.477" timestamp="2026-02-13T16:59:49.893703+00:00" hostname="agent-env-dfa9c8ad-0449-474d-b7e9-1d15f6d1172f"><testcase classname="backend.tests.test_followup_actions.TestFollowupActionsAPI" name="test_get_followup_actions" time="0.203" /><testcase classname="backend.tests.test_followup_actions.TestFollowupActionsAPI" name="test_post_email_action" time="0.118" /><testcase classname="backend.tests.test_followup_actions.TestFollowupActionsAPI" name="test_post_sms_action" time="0.153" /><testcase classname="backend.tests.test_followup_actions.TestFollowupActionsAPI" name="test_post_action_all_templates" time="2.741" /><testcase classname="backend.tests.test_followup_actions.TestFollowupActionsAPI" name="test_verify_actions_persisted" time="0.219" /><testcase classname="backend.tests.test_followup_actions.TestFollowupActionsAPI" name="test_delete_action" time="0.291" /><testcase classname="backend.tests.test_followup_actions.TestFollowupActionsAPI" name="test_delete_nonexistent_action" time="0.114" /><testcase classname="backend.tests.test_followup_actions.TestDashboardWithFollowups" name="test_kpis_include_follow_ups" time="0.584" /><testcase classname="backend.tests.test_followup_actions.TestCleanup" name="test_cleanup_test_data" time="2.001" /></testsuite></testsuites>