<?xml version="1.0" encoding="utf-8"?><testsuites name="pytest tests"><testsuite name="pytest" errors="0" failures="0" skipped="0" tests="21" time="4.158" timestamp="2026-02-14T03:42:41.029371+00:00" hostname="agent-env-69fb6c9d-6407-4709-8284-631ce63990fa"><testcase classname="tests.test_goals_comparison.TestBackendRefactoring" name="test_root_api" time="0.251" /><testcase classname="tests.test_goals_comparison.TestBackendRefactoring" name="test_auth_routes_working" time="0.615" /><testcase classname="tests.test_goals_comparison.TestBackendRefactoring" name="test_admin_routes_working" time="0.491" /><testcase classname="tests.test_goals_comparison.TestBackendRefactoring" name="test_pipeline_routes_working" time="0.110" /><testcase classname="tests.test_goals_comparison.TestBackendRefactoring" name="test_dashboard_kpis_working" time="0.165" /><testcase classname="tests.test_goals_comparison.TestGoalsEndpoints" name="test_save_goal" time="0.117" /><testcase classname="tests.test_goals_comparison.TestGoalsEndpoints" name="test_get_goal" time="0.123" /><testcase classname="tests.test_goals_comparison.TestGoalsEndpoints" name="test_get_goal_no_goal_set" time="0.125" /><testcase classname="tests.test_goals_comparison.TestGoalsEndpoints" name="test_update_goal" time="0.306" /><testcase classname="tests.test_goals_comparison.TestGoalsComparison" name="test_comparison_endpoint_structure" time="0.130" /><testcase classname="tests.test_goals_comparison.TestGoalsComparison" name="test_comparison_current_kpis" time="0.124" /><testcase classname="tests.test_goals_comparison.TestGoalsComparison" name="test_comparison_previous_period" time="0.132" /><testcase classname="tests.test_goals_comparison.TestGoalsComparison" name="test_comparison_goal_data" time="0.118" /><testcase classname="tests.test_goals_comparison.TestGoalsComparison" name="test_comparison_invalid_period" time="0.118" /><testcase classname="tests.test_goals_comparison.TestGoalsComparison" name="test_comparison_first_period_no_previous" time="0.120" /><testcase classname="tests.test_goals_comparison.TestRoleBasedAccess" name="test_salesperson_login_role" time="0.130" /><testcase classname="tests.test_goals_comparison.TestRoleBasedAccess" name="test_admin_login_role" time="0.145" /><testcase classname="tests.test_goals_comparison.TestRoleBasedAccess" name="test_admin_cannot_set_goals_for_self" time="0.115" /><testcase classname="tests.test_goals_comparison.TestRoleBasedAccess" name="test_salesperson_cannot_access_admin_comparison" time="0.132" /><testcase classname="tests.test_goals_comparison.TestDataPersistence" name="test_goal_persistence_across_requests" time="0.231" /><testcase classname="tests.test_goals_comparison.TestDataPersistence" name="test_goal_in_comparison_matches_saved_goal" time="0.273" /></testsuite></testsuites>