<?xml version="1.0" encoding="utf-8"?><testsuites name="pytest tests"><testsuite name="pytest" errors="0" failures="0" skipped="0" tests="18" time="7.902" timestamp="2026-03-15T14:25:40.442081+00:00" hostname="agent-env-f2181ad8-bdfe-488c-b80d-b8a77901b4a2"><testcase classname="backend.tests.test_hvac_generator_category_v20.TestHealthCheck" name="test_api_health" time="0.292" /><testcase classname="backend.tests.test_hvac_generator_category_v20.TestAuthentication" name="test_benjamin_login" time="0.360" /><testcase classname="backend.tests.test_hvac_generator_category_v20.TestAuthentication" name="test_franco_login" time="0.337" /><testcase classname="backend.tests.test_hvac_generator_category_v20.TestAuthentication" name="test_admin_login" time="0.362" /><testcase classname="backend.tests.test_hvac_generator_category_v20.TestBenjaminHVACKPIs" name="test_hvac_dashboard_kpis" time="0.521" /><testcase classname="backend.tests.test_hvac_generator_category_v20.TestBenjaminGeneratorKPIs" name="test_generator_dashboard_kpis" time="0.467" /><testcase classname="backend.tests.test_hvac_generator_category_v20.TestBenjaminGeneratorKPIs" name="test_generator_leads_list" time="0.443" /><testcase classname="backend.tests.test_hvac_generator_category_v20.TestFrancoHVACKPIs" name="test_hvac_dashboard_kpis" time="0.477" /><testcase classname="backend.tests.test_hvac_generator_category_v20.TestFrancoGeneratorKPIs" name="test_generator_leads_list" time="0.457" /><testcase classname="backend.tests.test_hvac_generator_category_v20.TestDualLeads" name="test_dual_lead_in_hvac" time="0.473" /><testcase classname="backend.tests.test_hvac_generator_category_v20.TestDualLeads" name="test_dual_lead_in_generator" time="0.427" /><testcase classname="backend.tests.test_hvac_generator_category_v20.TestAdminComparison" name="test_admin_hvac_comparison" time="0.433" /><testcase classname="backend.tests.test_hvac_generator_category_v20.TestAdminComparison" name="test_admin_generator_comparison" time="0.479" /><testcase classname="backend.tests.test_hvac_generator_category_v20.TestStatusTabByCategory" name="test_hvac_leads_exclude_generator" time="0.441" /><testcase classname="backend.tests.test_hvac_generator_category_v20.TestStatusTabByCategory" name="test_generator_leads_only" time="0.469" /><testcase classname="backend.tests.test_hvac_generator_category_v20.TestPipelineStillWorks" name="test_pipeline_followups_pending_only" time="0.479" /><testcase classname="backend.tests.test_hvac_generator_category_v20.TestPipelineStillWorks" name="test_tasks_endpoint" time="0.435" /><testcase classname="backend.tests.test_hvac_generator_category_v20.TestNonPendingNoFollowUp" name="test_non_pending_leads_no_followup" time="0.469" /></testsuite></testsuites>