<?xml version="1.0" encoding="utf-8"?><testsuites name="pytest tests"><testsuite name="pytest" errors="0" failures="0" skipped="0" tests="12" time="3.842" timestamp="2026-03-15T12:52:38.971977+00:00" hostname="agent-env-f2181ad8-bdfe-488c-b80d-b8a77901b4a2"><testcase classname="backend.tests.test_pipeline_filtering_v19.TestHealthCheck" name="test_api_root_returns_message" time="0.239" /><testcase classname="backend.tests.test_pipeline_filtering_v19.TestFollowUpsOnlyPendingLeads" name="test_follow_ups_all_have_pending_status" time="0.514" /><testcase classname="backend.tests.test_pipeline_filtering_v19.TestFollowUpsOnlyPendingLeads" name="test_no_non_pending_leads_have_follow_up_date_in_db" time="0.123" /><testcase classname="backend.tests.test_pipeline_filtering_v19.TestAutoCleanupOnStatusChange" name="test_status_change_to_sale_clears_follow_up_date" time="0.442" /><testcase classname="backend.tests.test_pipeline_filtering_v19.TestAutoCleanupOnStatusChange" name="test_status_change_to_lost_clears_follow_up_date" time="0.419" /><testcase classname="backend.tests.test_pipeline_filtering_v19.TestRemoveClientFromPipeline" name="test_remove_client_clears_follow_up_without_deleting_lead" time="0.420" /><testcase classname="backend.tests.test_pipeline_filtering_v19.TestRemoveClientFromPipeline" name="test_remove_client_requires_lead_id_or_client_name" time="0.097" /><testcase classname="backend.tests.test_pipeline_filtering_v19.TestTasksEndpoint" name="test_get_tasks_returns_tasks_list" time="0.104" /><testcase classname="backend.tests.test_pipeline_filtering_v19.TestLeadUpdateWithExtraFields" name="test_update_lead_with_additional_phones" time="0.472" /><testcase classname="backend.tests.test_pipeline_filtering_v19.TestAdminEndpoints" name="test_admin_login_returns_admin_role" time="0.333" /><testcase classname="backend.tests.test_pipeline_filtering_v19.TestAdminEndpoints" name="test_admin_can_view_all_leads" time="0.456" /><testcase classname="backend.tests.test_pipeline_filtering_v19.TestDashboardKPIStructure" name="test_kpi_response_has_required_fields" time="0.155" /></testsuite></testsuites>