<?xml version="1.0" encoding="utf-8"?><testsuites name="pytest tests"><testsuite name="pytest" errors="0" failures="0" skipped="0" tests="14" time="8.459" timestamp="2026-02-13T13:52:31.257524+00:00" hostname="agent-env-dfa9c8ad-0449-474d-b7e9-1d15f6d1172f"><testcase classname="backend.tests.test_dashboard_api.TestHealthCheck" name="test_api_root_health" time="0.169" /><testcase classname="backend.tests.test_dashboard_api.TestDashboardKPIs" name="test_kpis_without_filter" time="0.484" /><testcase classname="backend.tests.test_dashboard_api.TestDashboardKPIs" name="test_kpis_with_pay_period_filter" time="0.466" /><testcase classname="backend.tests.test_dashboard_api.TestDashboardKPIs" name="test_kpis_commission_payment_section" time="0.382" /><testcase classname="backend.tests.test_dashboard_api.TestDashboardKPIs" name="test_kpis_under_book_price_section" time="0.387" /><testcase classname="backend.tests.test_dashboard_api.TestDashboardKPIs" name="test_kpis_spiff_breakdown" time="2.455" /><testcase classname="backend.tests.test_dashboard_api.TestDashboardKPIs" name="test_kpis_follow_ups" time="0.402" /><testcase classname="backend.tests.test_dashboard_api.TestDashboardKPIs" name="test_kpis_sales_records_table" time="0.454" /><testcase classname="backend.tests.test_dashboard_api.TestDashboardKPIs" name="test_kpis_charts_data" time="0.441" /><testcase classname="backend.tests.test_dashboard_api.TestDashboardKPIs" name="test_kpis_quick_date_filters" time="1.998" /><testcase classname="backend.tests.test_dashboard_api.TestExcelConfig" name="test_get_excel_config" time="0.112" /><testcase classname="backend.tests.test_dashboard_api.TestExcelConfig" name="test_set_excel_config" time="0.122" /><testcase classname="backend.tests.test_dashboard_api.TestPayPeriods" name="test_get_pay_periods" time="0.112" /><testcase classname="backend.tests.test_dashboard_api.TestDashboardRefresh" name="test_refresh_dashboard" time="0.424" /></testsuite></testsuites>