<?xml version="1.0" encoding="utf-8"?><testsuites name="pytest tests"><testsuite name="pytest" errors="0" failures="0" skipped="0" tests="14" time="8.906" timestamp="2026-02-13T13:29:38.462538+00:00" hostname="agent-env-dfa9c8ad-0449-474d-b7e9-1d15f6d1172f"><testcase classname="backend.tests.test_dashboard_api.TestHealthCheck" name="test_api_root_health" time="0.179" /><testcase classname="backend.tests.test_dashboard_api.TestDashboardKPIs" name="test_kpis_without_filter" time="0.652" /><testcase classname="backend.tests.test_dashboard_api.TestDashboardKPIs" name="test_kpis_with_pay_period_filter" time="0.556" /><testcase classname="backend.tests.test_dashboard_api.TestDashboardKPIs" name="test_kpis_commission_payment_section" time="0.553" /><testcase classname="backend.tests.test_dashboard_api.TestDashboardKPIs" name="test_kpis_under_book_price_section" time="0.542" /><testcase classname="backend.tests.test_dashboard_api.TestDashboardKPIs" name="test_kpis_spiff_breakdown" time="0.562" /><testcase classname="backend.tests.test_dashboard_api.TestDashboardKPIs" name="test_kpis_follow_ups" time="0.552" /><testcase classname="backend.tests.test_dashboard_api.TestDashboardKPIs" name="test_kpis_sales_records_table" time="0.552" /><testcase classname="backend.tests.test_dashboard_api.TestDashboardKPIs" name="test_kpis_charts_data" time="0.608" /><testcase classname="backend.tests.test_dashboard_api.TestDashboardKPIs" name="test_kpis_quick_date_filters" time="2.900" /><testcase classname="backend.tests.test_dashboard_api.TestExcelConfig" name="test_get_excel_config" time="0.198" /><testcase classname="backend.tests.test_dashboard_api.TestExcelConfig" name="test_set_excel_config" time="0.103" /><testcase classname="backend.tests.test_dashboard_api.TestPayPeriods" name="test_get_pay_periods" time="0.121" /><testcase classname="backend.tests.test_dashboard_api.TestDashboardRefresh" name="test_refresh_dashboard" time="0.760" /></testsuite></testsuites>