<?xml version="1.0" encoding="utf-8"?><testsuites name="pytest tests"><testsuite name="pytest" errors="0" failures="0" skipped="0" tests="13" time="13.076" timestamp="2026-03-13T12:49:29.516059+00:00" hostname="agent-env-f2181ad8-bdfe-488c-b80d-b8a77901b4a2"><testcase classname="backend.tests.test_tasks_and_leadupdate_v18.TestTasksEndpoints" name="test_get_tasks_endpoint" time="0.535" /><testcase classname="backend.tests.test_tasks_and_leadupdate_v18.TestTasksEndpoints" name="test_admin_gets_all_tasks" time="0.451" /><testcase classname="backend.tests.test_tasks_and_leadupdate_v18.TestTasksEndpoints" name="test_tasks_with_status_filter" time="0.484" /><testcase classname="backend.tests.test_tasks_and_leadupdate_v18.TestTasksAutoCreation" name="test_auto_create_task_on_pending_install" time="1.284" /><testcase classname="backend.tests.test_tasks_and_leadupdate_v18.TestTasksAutoCreation" name="test_auto_complete_task_on_date_set" time="2.044" /><testcase classname="backend.tests.test_tasks_and_leadupdate_v18.TestTaskManualActions" name="test_dismiss_task" time="1.540" /><testcase classname="backend.tests.test_tasks_and_leadupdate_v18.TestTaskManualActions" name="test_complete_task_manually" time="1.538" /><testcase classname="backend.tests.test_tasks_and_leadupdate_v18.TestLeadUpdateAdditionalFields" name="test_additional_phones_saves" time="0.846" /><testcase classname="backend.tests.test_tasks_and_leadupdate_v18.TestLeadUpdateAdditionalFields" name="test_products_field_saves" time="0.806" /><testcase classname="backend.tests.test_tasks_and_leadupdate_v18.TestLeadUpdateAdditionalFields" name="test_sale_accessories_field_saves" time="0.849" /><testcase classname="backend.tests.test_tasks_and_leadupdate_v18.TestLeadUpdateAdditionalFields" name="test_is_self_gen_field_saves" time="1.044" /><testcase classname="backend.tests.test_tasks_and_leadupdate_v18.TestLeadUpdateAdditionalFields" name="test_promo_code_field_saves" time="0.829" /><testcase classname="backend.tests.test_tasks_and_leadupdate_v18.TestLeadUpdateAdditionalFields" name="test_all_new_fields_together" time="0.770" /></testsuite></testsuites>