<?xml version="1.0" encoding="utf-8"?><testsuites name="pytest tests"><testsuite name="pytest" errors="0" failures="0" skipped="0" tests="28" time="6.462" timestamp="2026-03-19T14:14:23.149631+00:00" hostname="agent-env-f2181ad8-bdfe-488c-b80d-b8a77901b4a2"><testcase classname="backend.tests.test_v22_comprehensive.TestAuthSystem" name="test_benjamin_login" time="0.376" /><testcase classname="backend.tests.test_v22_comprehensive.TestAuthSystem" name="test_franco_login" time="0.374" /><testcase classname="backend.tests.test_v22_comprehensive.TestAuthSystem" name="test_chris_login" time="0.338" /><testcase classname="backend.tests.test_v22_comprehensive.TestAuthSystem" name="test_admin_login" time="0.362" /><testcase classname="backend.tests.test_v22_comprehensive.TestCommissionRules" name="test_commission_rules_returns_5_tiers" time="1.520" /><testcase classname="backend.tests.test_v22_comprehensive.TestCommissionRules" name="test_commission_rules_tier_percentages" time="0.152" /><testcase classname="backend.tests.test_v22_comprehensive.TestCommissionRules" name="test_commission_rules_returns_7_spiffs" time="0.115" /><testcase classname="backend.tests.test_v22_comprehensive.TestCommissionRules" name="test_samsung_spiff_equals_400" time="0.109" /><testcase classname="backend.tests.test_v22_comprehensive.TestCommissionRules" name="test_paid_accessory_is_1_percent" time="0.106" /><testcase classname="backend.tests.test_v22_comprehensive.TestCommissionRules" name="test_self_gen_is_3_percent" time="0.131" /><testcase classname="backend.tests.test_v22_comprehensive.TestDashboardKPIs" name="test_benjamin_dashboard_kpis" time="0.178" /><testcase classname="backend.tests.test_v22_comprehensive.TestDashboardKPIs" name="test_franco_dashboard_kpis" time="0.175" /><testcase classname="backend.tests.test_v22_comprehensive.TestDashboardKPIs" name="test_chris_dashboard_zero_data" time="0.119" /><testcase classname="backend.tests.test_v22_comprehensive.TestCompanyAverages" name="test_company_averages_shows_3_salespeople" time="0.246" /><testcase classname="backend.tests.test_v22_comprehensive.TestCompanyAverages" name="test_company_averages_calculated_from_active_only" time="0.274" /><testcase classname="backend.tests.test_v22_comprehensive.TestCategoryToggle" name="test_hvac_category_filter" time="0.156" /><testcase classname="backend.tests.test_v22_comprehensive.TestCategoryToggle" name="test_generator_category_filter" time="0.137" /><testcase classname="backend.tests.test_v22_comprehensive.TestDataMigration" name="test_all_sale_leads_have_price_tier" time="0.165" /><testcase classname="backend.tests.test_v22_comprehensive.TestDataMigration" name="test_self_gen_mits_product_value_field_exists" time="0.146" /><testcase classname="backend.tests.test_v22_comprehensive.TestDataIntegrity" name="test_no_non_pending_with_followup_date" time="0.218" /><testcase classname="backend.tests.test_v22_comprehensive.TestPasswordReset" name="test_password_reset_endpoint_exists" time="0.094" /><testcase classname="backend.tests.test_v22_comprehensive.TestLeadOperations" name="test_get_all_leads" time="0.115" /><testcase classname="backend.tests.test_v22_comprehensive.TestLeadOperations" name="test_leads_have_required_fields" time="0.129" /><testcase classname="backend.tests.test_v22_comprehensive.TestAdminPanel" name="test_admin_can_view_all_salespeople" time="0.125" /><testcase classname="backend.tests.test_v22_comprehensive.TestAdminPanel" name="test_admin_can_edit_commission_rules" time="0.104" /><testcase classname="backend.tests.test_v22_comprehensive.TestPipelineAndTasks" name="test_get_pipeline_data" time="0.170" /><testcase classname="backend.tests.test_v22_comprehensive.TestPipelineAndTasks" name="test_get_tasks" time="0.113" /><testcase classname="backend.tests.test_v22_comprehensive.TestNotifications" name="test_get_notifications" time="0.122" /></testsuite></testsuites>